<?xml version="1.0" encoding="UTF-8"?>
<testng-results ignored="0" total="1" passed="1" failed="0" skipped="0">
  <reporter-output>
  </reporter-output>
  <suite started-at="2021-08-18T19:57:59 IST" name="Default suite" finished-at="2021-08-18T19:59:00 IST" duration-ms="60772">
    <groups>
    </groups>
    <test started-at="2021-08-18T19:57:59 IST" name="Default test" finished-at="2021-08-18T19:59:00 IST" duration-ms="60772">
      <class name="testNG.GooglejavaSearch">
        <test-method is-config="true" signature="launch()[pri:0, instance:testNG.GooglejavaSearch@1e6454ec]" started-at="2021-08-18T19:57:59 IST" name="launch" finished-at="2021-08-18T19:58:32 IST" duration-ms="32382" status="PASS">
          <reporter-output>
          </reporter-output>
        </test-method> <!-- launch -->
        <test-method signature="tc1()[pri:0, instance:testNG.GooglejavaSearch@1e6454ec]" started-at="2021-08-18T19:58:32 IST" name="tc1" finished-at="2021-08-18T19:58:56 IST" duration-ms="23997" status="PASS">
          <reporter-output>
          </reporter-output>
        </test-method> <!-- tc1 -->
        <test-method is-config="true" signature="close()[pri:0, instance:testNG.GooglejavaSearch@1e6454ec]" started-at="2021-08-18T19:58:56 IST" name="close" finished-at="2021-08-18T19:59:00 IST" duration-ms="4346" status="PASS">
          <reporter-output>
          </reporter-output>
        </test-method> <!-- close -->
      </class> <!-- testNG.GooglejavaSearch -->
    </test> <!-- Default test -->
  </suite> <!-- Default suite -->
</testng-results>
